<?xml version="1.0" encoding="UTF-8"?>
<testsuites name="einvoice-conformance" tests="9" failures="7" errors="0">
  <testsuite name="xrechnung" tests="9" failures="7" errors="0">
    <testcase name="BR-DE-1" classname="xrechnung">
      <failure message="An invoice (INVOICE) must contain information on PAYMENT INSTRUCTIONS (BG-16).">fatal: ram:ApplicableHeaderTradeSettlement/ram:SpecifiedTradeSettlementPaymentMeans</failure>
    </testcase>
    <testcase name="BR-DE-2" classname="xrechnung">
      <failure message="The group 'SELLER CONTACT' (BG-6) must be transmitted.">fatal: ram:SellerTradeParty/ram:DefinedTradeContact</failure>
    </testcase>
    <testcase name="BR-DE-3" classname="xrechnung">
      <failure message="The element 'Seller city' (BT-37) must be transmitted.">fatal: ram:SellerTradeParty/ram:PostalTradeAddress/ram:CityName</failure>
    </testcase>
    <testcase name="BR-DE-4" classname="xrechnung">
      <failure message="The element 'Seller post code' (BT-38) must be transmitted.">fatal: ram:SellerTradeParty/ram:PostalTradeAddress/ram:PostcodeCode</failure>
    </testcase>
    <testcase name="BR-DE-8" classname="xrechnung">
      <failure message="The element 'Buyer city' (BT-52) must be transmitted.">fatal: ram:BuyerTradeParty/ram:PostalTradeAddress/ram:CityName</failure>
    </testcase>
    <testcase name="BR-DE-9" classname="xrechnung">
      <failure message="The element 'Buyer post code' (BT-53) must be transmitted.">fatal: ram:BuyerTradeParty/ram:PostalTradeAddress/ram:PostcodeCode</failure>
    </testcase>
    <testcase name="BR-DE-15" classname="xrechnung">
      <failure message="The element 'Buyer reference' (BT-10) must be transmitted.">fatal: ram:ApplicableHeaderTradeAgreement/ram:BuyerReference</failure>
    </testcase>
    <testcase name="BR-DE-21" classname="xrechnung">
      <system-out>warning: 'Specification identifier' (BT-24) should syntactically match the XRechnung standard identifier. (ram:ExchangedDocumentContext/ram:GuidelineSpecifiedDocumentContextParameter/ram:ID)</system-out>
    </testcase>
    <testcase name="BR-DE-TMP-32" classname="xrechnung">
      <system-out>information: The invoice should state the delivery/service date: BT-72 'Actual delivery date', BG-14 'Invoicing period', or BG-26 'Invoice line period' on every line. (ram:ApplicableHeaderTradeDelivery/ram:ActualDeliverySupplyChainEvent/ram:OccurrenceDateTime)</system-out>
    </testcase>
  </testsuite>
</testsuites>
