<?xml version="1.0" encoding="UTF-8"?>
<testsuites name="einvoice-conformance" tests="2" failures="2" errors="0">
  <testsuite name="en16931" tests="2" failures="2" errors="0">
    <testcase name="BR-CO-17" classname="en16931">
      <failure message="VAT category tax amount (BT-117=19.00) must equal VAT category taxable amount (BT-116=200.00) x (VAT rate (BT-119=7) / 100), rounded to two decimals.">fatal: cac:TaxTotal/cac:TaxSubtotal/cbc:TaxAmount</failure>
    </testcase>
    <testcase name="BR-S-09" classname="en16931">
      <failure message="The VAT category tax amount (BT-117=19.00) in a Standard rated (S) VAT breakdown must equal the VAT category taxable amount (BT-116=200.00) x (VAT rate (BT-119=7) / 100).">fatal: cac:TaxTotal/cac:TaxSubtotal/cbc:TaxAmount</failure>
    </testcase>
  </testsuite>
</testsuites>
