<?xml version="1.0" encoding="UTF-8"?>
<testsuites name="einvoice-conformance" tests="1" failures="1" errors="0">
  <testsuite name="xrechnung" tests="1" failures="1" errors="0">
    <testcase name="BR-G-10" classname="xrechnung">
      <failure message="A VAT breakdown (BG-23) with an Export outside the EU (G) VAT category code (BT-118) shall have a VAT exemption reason code (BT-121), meaning 'Export outside the EU', or the VAT exemption reason text (BT-120) 'Export outside the EU'.">fatal: cac:TaxTotal/cac:TaxSubtotal/cac:TaxCategory/cbc:TaxExemptionReason (insertion point fixtures/synth-ubl-bad-export_ubl.xml:98)</failure>
    </testcase>
  </testsuite>
</testsuites>
